Performing C++ SOURCE FILE Test CMAKE_HAVE_LIBC_PTHREAD failed with the following output:
Change Dir: /workspaces/WolkAbout-task/out/WolkConnect-Cpp/WolkSDK-Cpp/dependencies/pahomqttcpp-prefix/src/pahomqttcpp-build/CMakeFiles/CMakeTmp

Run Build Command(s):/usr/bin/make cmTC_89eff/fast && make[4]: Entering directory '/workspaces/WolkAbout-task/out/WolkConnect-Cpp/WolkSDK-Cpp/dependencies/pahomqttcpp-prefix/src/pahomqttcpp-build/CMakeFiles/CMakeTmp'
/usr/bin/make -f CMakeFiles/cmTC_89eff.dir/build.make CMakeFiles/cmTC_89eff.dir/build
make[5]: Entering directory '/workspaces/WolkAbout-task/out/WolkConnect-Cpp/WolkSDK-Cpp/dependencies/pahomqttcpp-prefix/src/pahomqttcpp-build/CMakeFiles/CMakeTmp'
Building CXX object CMakeFiles/cmTC_89eff.dir/src.cxx.o
/usr/bin/c++    -DCMAKE_HAVE_LIBC_PTHREAD -fPIE   -o CMakeFiles/cmTC_89eff.dir/src.cxx.o -c /workspaces/WolkAbout-task/out/WolkConnect-Cpp/WolkSDK-Cpp/dependencies/pahomqttcpp-prefix/src/pahomqttcpp-build/CMakeFiles/CMakeTmp/src.cxx
Linking CXX executable cmTC_89eff
/usr/bin/cmake -E cmake_link_script CMakeFiles/cmTC_89eff.dir/link.txt --verbose=1
/usr/bin/c++   -DCMAKE_HAVE_LIBC_PTHREAD    CMakeFiles/cmTC_89eff.dir/src.cxx.o  -o cmTC_89eff 
/usr/bin/ld: CMakeFiles/cmTC_89eff.dir/src.cxx.o: in function `main':
src.cxx:(.text+0x46): undefined reference to `pthread_create'
/usr/bin/ld: src.cxx:(.text+0x52): undefined reference to `pthread_detach'
/usr/bin/ld: src.cxx:(.text+0x63): undefined reference to `pthread_join'
collect2: error: ld returned 1 exit status
make[5]: *** [CMakeFiles/cmTC_89eff.dir/build.make:87: cmTC_89eff] Error 1
make[5]: Leaving directory '/workspaces/WolkAbout-task/out/WolkConnect-Cpp/WolkSDK-Cpp/dependencies/pahomqttcpp-prefix/src/pahomqttcpp-build/CMakeFiles/CMakeTmp'
make[4]: *** [Makefile:121: cmTC_89eff/fast] Error 2
make[4]: Leaving directory '/workspaces/WolkAbout-task/out/WolkConnect-Cpp/WolkSDK-Cpp/dependencies/pahomqttcpp-prefix/src/pahomqttcpp-build/CMakeFiles/CMakeTmp'


Source file was:
#include <pthread.h>

void* test_func(void* data)
{
  return data;
}

int main(void)
{
  pthread_t thread;
  pthread_create(&thread, NULL, test_func, NULL);
  pthread_detach(thread);
  pthread_join(thread, NULL);
  pthread_atfork(NULL, NULL, NULL);
  pthread_exit(NULL);

  return 0;
}

