Performing C SOURCE FILE Test CMAKE_HAVE_LIBC_PTHREAD failed with the following output:
Change Dir: /workspaces/WolkAbout-task/out/WolkConnect-Cpp/WolkSDK-Cpp/dependencies/spdlog-prefix/src/spdlog-build/CMakeFiles/CMakeTmp

Run Build Command(s):/usr/bin/make cmTC_92f8f/fast && make[4]: Entering directory '/workspaces/WolkAbout-task/out/WolkConnect-Cpp/WolkSDK-Cpp/dependencies/spdlog-prefix/src/spdlog-build/CMakeFiles/CMakeTmp'
/usr/bin/make -f CMakeFiles/cmTC_92f8f.dir/build.make CMakeFiles/cmTC_92f8f.dir/build
make[5]: Entering directory '/workspaces/WolkAbout-task/out/WolkConnect-Cpp/WolkSDK-Cpp/dependencies/spdlog-prefix/src/spdlog-build/CMakeFiles/CMakeTmp'
Building C object CMakeFiles/cmTC_92f8f.dir/src.c.o
/usr/bin/cc   -DCMAKE_HAVE_LIBC_PTHREAD   -o CMakeFiles/cmTC_92f8f.dir/src.c.o   -c /workspaces/WolkAbout-task/out/WolkConnect-Cpp/WolkSDK-Cpp/dependencies/spdlog-prefix/src/spdlog-build/CMakeFiles/CMakeTmp/src.c
Linking C executable cmTC_92f8f
/usr/bin/cmake -E cmake_link_script CMakeFiles/cmTC_92f8f.dir/link.txt --verbose=1
/usr/bin/cc  -DCMAKE_HAVE_LIBC_PTHREAD    CMakeFiles/cmTC_92f8f.dir/src.c.o  -o cmTC_92f8f 
/usr/bin/ld: CMakeFiles/cmTC_92f8f.dir/src.c.o: in function `main':
src.c:(.text+0x46): undefined reference to `pthread_create'
/usr/bin/ld: src.c:(.text+0x52): undefined reference to `pthread_detach'
/usr/bin/ld: src.c:(.text+0x63): undefined reference to `pthread_join'
collect2: error: ld returned 1 exit status
make[5]: *** [CMakeFiles/cmTC_92f8f.dir/build.make:87: cmTC_92f8f] Error 1
make[5]: Leaving directory '/workspaces/WolkAbout-task/out/WolkConnect-Cpp/WolkSDK-Cpp/dependencies/spdlog-prefix/src/spdlog-build/CMakeFiles/CMakeTmp'
make[4]: *** [Makefile:121: cmTC_92f8f/fast] Error 2
make[4]: Leaving directory '/workspaces/WolkAbout-task/out/WolkConnect-Cpp/WolkSDK-Cpp/dependencies/spdlog-prefix/src/spdlog-build/CMakeFiles/CMakeTmp'


Source file was:
#include <pthread.h>

void* test_func(void* data)
{
  return data;
}

int main(void)
{
  pthread_t thread;
  pthread_create(&thread, NULL, test_func, NULL);
  pthread_detach(thread);
  pthread_join(thread, NULL);
  pthread_atfork(NULL, NULL, NULL);
  pthread_exit(NULL);

  return 0;
}

Determining if the function pthread_create exists in the pthreads failed with the following output:
Change Dir: /workspaces/WolkAbout-task/out/WolkConnect-Cpp/WolkSDK-Cpp/dependencies/spdlog-prefix/src/spdlog-build/CMakeFiles/CMakeTmp

Run Build Command(s):/usr/bin/make cmTC_5771e/fast && make[4]: Entering directory '/workspaces/WolkAbout-task/out/WolkConnect-Cpp/WolkSDK-Cpp/dependencies/spdlog-prefix/src/spdlog-build/CMakeFiles/CMakeTmp'
/usr/bin/make -f CMakeFiles/cmTC_5771e.dir/build.make CMakeFiles/cmTC_5771e.dir/build
make[5]: Entering directory '/workspaces/WolkAbout-task/out/WolkConnect-Cpp/WolkSDK-Cpp/dependencies/spdlog-prefix/src/spdlog-build/CMakeFiles/CMakeTmp'
Building C object CMakeFiles/cmTC_5771e.dir/CheckFunctionExists.c.o
/usr/bin/cc   -DCHECK_FUNCTION_EXISTS=pthread_create   -o CMakeFiles/cmTC_5771e.dir/CheckFunctionExists.c.o   -c /usr/share/cmake-3.16/Modules/CheckFunctionExists.c
Linking C executable cmTC_5771e
/usr/bin/cmake -E cmake_link_script CMakeFiles/cmTC_5771e.dir/link.txt --verbose=1
/usr/bin/cc  -DCHECK_FUNCTION_EXISTS=pthread_create    CMakeFiles/cmTC_5771e.dir/CheckFunctionExists.c.o  -o cmTC_5771e  -lpthreads 
/usr/bin/ld: cannot find -lpthreads
collect2: error: ld returned 1 exit status
make[5]: *** [CMakeFiles/cmTC_5771e.dir/build.make:87: cmTC_5771e] Error 1
make[5]: Leaving directory '/workspaces/WolkAbout-task/out/WolkConnect-Cpp/WolkSDK-Cpp/dependencies/spdlog-prefix/src/spdlog-build/CMakeFiles/CMakeTmp'
make[4]: *** [Makefile:121: cmTC_5771e/fast] Error 2
make[4]: Leaving directory '/workspaces/WolkAbout-task/out/WolkConnect-Cpp/WolkSDK-Cpp/dependencies/spdlog-prefix/src/spdlog-build/CMakeFiles/CMakeTmp'



